<?xml version="1.0" encoding="UTF-8" ?>
<testsuites errors="1"
            failures="1"
            tests="1">

  <testsuite name="Basic pages" id="tests.pages"
    errors="1" failures="1" hostname="" package="pages" skipped="0"
    tests="1" time="19.89" timestamp="">
  
    <testcase name="Contents" classname="Basic pages" time="19.89" assertions="1">  <failure message="Testing if element &lt;/html/body/pre&gt; contains text &#39;Users&#39; in 5000ms - expected &#34;contains text &#39;Users&#39;&#34; but got: &#34;element could not be located&#34; (5128ms)">    at DescribeInstance.&lt;anonymous&gt; (C:\Users\sohibnab\Lexicon\tests\pages.js:6:17)</failure>

    
    <error type="error"><![CDATA[
    NoSuchWindowError: no such window: target window already closed
from unknown error: web view not found
  (Session info: chrome=134.0.6998.118)
    at Object.throwDecodedError (C:\Users\sohibnab\Lexicon\node_modules\selenium-webdriver\lib\error.js:521:15)
    at parseHttpResponse (C:\Users\sohibnab\Lexicon\node_modules\selenium-webdriver\lib\http.js:514:13)
    at Executor.execute (C:\Users\sohibnab\Lexicon\node_modules\selenium-webdriver\lib\http.js:446:28)
    at process.processTicksAndRejections (node:internal/process/task_queues:105:5)
    at async Driver.execute (C:\Users\sohibnab\Lexicon\node_modules\selenium-webdriver\lib\webdriver.js:744:17)
    at async Driver.findElements (C:\Users\sohibnab\Lexicon\node_modules\selenium-webdriver\lib\webdriver.js:1072:17)
    ]]></error>
    
    </testcase>
  

  
    <system-err>
       WebDriverError:   Unable to navigate to url http://localhost:3000/dashboard: unknown error: net::ERR_CONNECTION_REFUSED
  (Session info: chrome=134.0.6998.118)
 WebDriverError
   Error while running &#34;navigateTo&#34; command: [WebDriverError] Unable to navigate to url http://localhost:3000/dashboard: unknown error: net::ERR_CONNECTION_REFUSED
  (Session info: chrome=134.0.6998.118)

    Error location:
    C:\Users\sohibnab\Lexicon\tests\initial.js:4
    ––––––––––––––––––––––––––––––––––––––––––––
     2 |     it(&#39;check the front page loads&#39;, function(browser) {
     3 |       browser
     4 |         .navigateTo(&#39;http://localhost:3000/dashboard&#39;) 
     5 |         .waitForElementVisible(&#39;body&#39;)
     6 |     }); 
    ––––––––––––––––––––––––––––––––––––––––––––

 NoSuchWindowError
   no such window: target window already closed
from unknown error: web view not found
  (Session info: chrome=134.0.6998.118)
    </system-err>
  

    

  
  </testsuite>
</testsuites>
